Determining if the pthread_create exist failed with the following output:
Change Dir: /mnt/2TB/programming/phd/workspace/vocount/build/CMakeFiles/CMakeTmp

Run Build Command:"/usr/bin/gmake" "cmTC_7b2fe/fast"
/usr/bin/gmake -f CMakeFiles/cmTC_7b2fe.dir/build.make CMakeFiles/cmTC_7b2fe.dir/build
gmake[1]: Entering directory '/mnt/2TB/programming/phd/workspace/vocount/build/CMakeFiles/CMakeTmp'
Building C object CMakeFiles/cmTC_7b2fe.dir/CheckSymbolExists.c.o
/usr/lib64/ccache/cc   -fPIC    -o CMakeFiles/cmTC_7b2fe.dir/CheckSymbolExists.c.o   -c /mnt/2TB/programming/phd/workspace/vocount/build/CMakeFiles/CMakeTmp/CheckSymbolExists.c
Linking C executable cmTC_7b2fe
/usr/bin/cmake -E cmake_link_script CMakeFiles/cmTC_7b2fe.dir/link.txt --verbose=1
/usr/lib64/ccache/cc -fPIC     -rdynamic CMakeFiles/cmTC_7b2fe.dir/CheckSymbolExists.c.o  -o cmTC_7b2fe 
CMakeFiles/cmTC_7b2fe.dir/CheckSymbolExists.c.o: In function `main':
CheckSymbolExists.c:(.text+0x1b): undefined reference to `pthread_create'
collect2: error: ld returned 1 exit status
gmake[1]: *** [CMakeFiles/cmTC_7b2fe.dir/build.make:98: cmTC_7b2fe] Error 1
gmake[1]: Leaving directory '/mnt/2TB/programming/phd/workspace/vocount/build/CMakeFiles/CMakeTmp'
gmake: *** [Makefile:126: cmTC_7b2fe/fast] Error 2

File /mnt/2TB/programming/phd/workspace/vocount/build/CMakeFiles/CMakeTmp/CheckSymbolExists.c:
/* */
#include <pthread.h>

int main(int argc, char** argv)
{
  (void)argv;
#ifndef pthread_create
  return ((int*)(&pthread_create))[argc];
#else
  (void)argc;
  return 0;
#endif
}

Determining if the function pthread_create exists in the pthreads failed with the following output:
Change Dir: /mnt/2TB/programming/phd/workspace/vocount/build/CMakeFiles/CMakeTmp

Run Build Command:"/usr/bin/gmake" "cmTC_286f7/fast"
/usr/bin/gmake -f CMakeFiles/cmTC_286f7.dir/build.make CMakeFiles/cmTC_286f7.dir/build
gmake[1]: Entering directory '/mnt/2TB/programming/phd/workspace/vocount/build/CMakeFiles/CMakeTmp'
Building C object CMakeFiles/cmTC_286f7.dir/CheckFunctionExists.c.o
/usr/lib64/ccache/cc   -fPIC -DCHECK_FUNCTION_EXISTS=pthread_create   -o CMakeFiles/cmTC_286f7.dir/CheckFunctionExists.c.o   -c /usr/share/cmake/Modules/CheckFunctionExists.c
Linking C executable cmTC_286f7
/usr/bin/cmake -E cmake_link_script CMakeFiles/cmTC_286f7.dir/link.txt --verbose=1
/usr/lib64/ccache/cc -fPIC -DCHECK_FUNCTION_EXISTS=pthread_create    -rdynamic CMakeFiles/cmTC_286f7.dir/CheckFunctionExists.c.o  -o cmTC_286f7 -lpthreads 
/usr/bin/ld: cannot find -lpthreads
collect2: error: ld returned 1 exit status
gmake[1]: *** [CMakeFiles/cmTC_286f7.dir/build.make:98: cmTC_286f7] Error 1
gmake[1]: Leaving directory '/mnt/2TB/programming/phd/workspace/vocount/build/CMakeFiles/CMakeTmp'
gmake: *** [Makefile:126: cmTC_286f7/fast] Error 2


